2012/11/15 05:05:19 [error] [exception.CDbException] exception 'CDbException' with message 'CDbConnection failed to open the DB connection: SQLSTATE[HY000] [2002] No se puede establecer una conexión ya que el equipo de destino denegó expresamente dicha conexión.
' in C:\xampp\htdocs\YII\framework\db\CDbConnection.php:348
Stack trace:
#0 C:\xampp\htdocs\YII\framework\db\CDbConnection.php(297): CDbConnection->open()
#1 C:\xampp\htdocs\YII\framework\db\CDbConnection.php(275): CDbConnection->setActive(true)
#2 C:\xampp\htdocs\YII\framework\base\CModule.php(372): CDbConnection->init()
#3 C:\xampp\htdocs\YII\framework\base\CApplication.php(426): CModule->getComponent('db')
#4 C:\xampp\htdocs\YII\framework\db\ar\CActiveRecord.php(607): CApplication->getDb()
#5 C:\xampp\htdocs\YII\framework\db\ar\CActiveRecord.php(2236): CActiveRecord->getDbConnection()
#6 C:\xampp\htdocs\YII\framework\db\ar\CActiveRecord.php(371): CActiveRecordMetaData->__construct(Object(User))
#7 C:\xampp\htdocs\BlogAPP\protected\models\User.php(25): CActiveRecord::model('User')
#8 C:\xampp\htdocs\BlogAPP\protected\components\UserIdentity.php(24): User::model()
#9 C:\xampp\htdocs\BlogAPP\protected\models\LoginForm.php(52): UserIdentity->authenticate()
#10 C:\xampp\htdocs\YII\framework\validators\CInlineValidator.php(39): LoginForm->authenticate('password', Array)
#11 C:\xampp\htdocs\YII\framework\validators\CValidator.php(192): CInlineValidator->validateAttribute(Object(LoginForm), 'password')
#12 C:\xampp\htdocs\YII\framework\base\CModel.php(152): CValidator->validate(Object(LoginForm), NULL)
#13 C:\xampp\htdocs\BlogAPP\protected\controllers\SiteController.php(88): CModel->validate()
#14 C:\xampp\htdocs\YII\framework\web\actions\CInlineAction.php(50): SiteController->actionLogin()
#15 C:\xampp\htdocs\YII\framework\web\CController.php(300): CInlineAction->runWithParams(Array)
#16 C:\xampp\htdocs\YII\framework\web\CController.php(278): CController->runAction(Object(CInlineAction))
#17 C:\xampp\htdocs\YII\framework\web\CController.php(257): CController->runActionWithFilters(Object(CInlineAction), Array)
#18 C:\xampp\htdocs\YII\framework\web\CWebApplication.php(328): CController->run('login')
#19 C:\xampp\htdocs\YII\framework\web\CWebApplication.php(121): CWebApplication->runController('site/login')
#20 C:\xampp\htdocs\YII\framework\base\CApplication.php(155): CWebApplication->processRequest()
#21 C:\xampp\htdocs\BlogAPP\index.php(13): CApplication->run()
#22 {main} REQUEST_URI=/BlogAPP/index.php?r=site/login
2012/11/17 15:26:39 [error] [exception.CException] exception 'CException' with message 'Property "PostController._model" is not defined.' in C:\xampp\htdocs\YII\framework\base\CComponent.php:131
Stack trace:
#0 C:\xampp\htdocs\BlogAPP\protected\controllers\PostController.php(179): CComponent->__get('_model')
#1 C:\xampp\htdocs\BlogAPP\protected\controllers\PostController.php(69): PostController->loadModel('1')
#2 [internal function]: PostController->actionView('1')
#3 C:\xampp\htdocs\YII\framework\web\actions\CAction.php(104): ReflectionMethod->invokeArgs(Object(PostController), Array)
#4 C:\xampp\htdocs\YII\framework\web\actions\CInlineAction.php(48): CAction->runWithParamsInternal(Object(PostController), Object(ReflectionMethod), Array)
#5 C:\xampp\htdocs\YII\framework\web\CController.php(300): CInlineAction->runWithParams(Array)
#6 C:\xampp\htdocs\YII\framework\web\filters\CFilterChain.php(133): CController->runAction(Object(CInlineAction))
#7 C:\xampp\htdocs\YII\framework\web\filters\CFilter.php(41): CFilterChain->run()
#8 C:\xampp\htdocs\YII\framework\web\CController.php(1122): CFilter->filter(Object(CFilterChain))
#9 C:\xampp\htdocs\YII\framework\web\filters\CInlineFilter.php(59): CController->filterAccessControl(Object(CFilterChain))
#10 C:\xampp\htdocs\YII\framework\web\filters\CFilterChain.php(130): CInlineFilter->filter(Object(CFilterChain))
#11 C:\xampp\htdocs\YII\framework\web\CController.php(283): CFilterChain->run()
#12 C:\xampp\htdocs\YII\framework\web\CController.php(257): CController->runActionWithFilters(Object(CInlineAction), Array)
#13 C:\xampp\htdocs\YII\framework\web\CWebApplication.php(328): CController->run('view')
#14 C:\xampp\htdocs\YII\framework\web\CWebApplication.php(121): CWebApplication->runController('post/view')
#15 C:\xampp\htdocs\YII\framework\base\CApplication.php(155): CWebApplication->processRequest()
#16 C:\xampp\htdocs\BlogAPP\index.php(13): CApplication->run()
#17 {main} REQUEST_URI=/BlogAPP/index.php?r=post/view&id=1
2012/11/17 15:35:05 [error] [exception.CHttpException.404] exception 'CHttpException' with message 'The requested page does not exist.' in C:\xampp\htdocs\BlogAPP\protected\controllers\PostController.php:192
Stack trace:
#0 C:\xampp\htdocs\BlogAPP\protected\controllers\PostController.php(70): PostController->loadModel('15')
#1 [internal function]: PostController->actionView('15')
#2 C:\xampp\htdocs\YII\framework\web\actions\CAction.php(104): ReflectionMethod->invokeArgs(Object(PostController), Array)
#3 C:\xampp\htdocs\YII\framework\web\actions\CInlineAction.php(48): CAction->runWithParamsInternal(Object(PostController), Object(ReflectionMethod), Array)
#4 C:\xampp\htdocs\YII\framework\web\CController.php(300): CInlineAction->runWithParams(Array)
#5 C:\xampp\htdocs\YII\framework\web\filters\CFilterChain.php(133): CController->runAction(Object(CInlineAction))
#6 C:\xampp\htdocs\YII\framework\web\filters\CFilter.php(41): CFilterChain->run()
#7 C:\xampp\htdocs\YII\framework\web\CController.php(1122): CFilter->filter(Object(CFilterChain))
#8 C:\xampp\htdocs\YII\framework\web\filters\CInlineFilter.php(59): CController->filterAccessControl(Object(CFilterChain))
#9 C:\xampp\htdocs\YII\framework\web\filters\CFilterChain.php(130): CInlineFilter->filter(Object(CFilterChain))
#10 C:\xampp\htdocs\YII\framework\web\CController.php(283): CFilterChain->run()
#11 C:\xampp\htdocs\YII\framework\web\CController.php(257): CController->runActionWithFilters(Object(CInlineAction), Array)
#12 C:\xampp\htdocs\YII\framework\web\CWebApplication.php(328): CController->run('view')
#13 C:\xampp\htdocs\YII\framework\web\CWebApplication.php(121): CWebApplication->runController('post/view')
#14 C:\xampp\htdocs\YII\framework\base\CApplication.php(155): CWebApplication->processRequest()
#15 C:\xampp\htdocs\BlogAPP\index.php(13): CApplication->run()
#16 {main} REQUEST_URI=/BlogAPP/index.php?r=post/view&id=15
2012/11/17 15:42:06 [error] [exception.CException] exception 'CException' with message 'Property "Post.tagLinks" is not defined.' in C:\xampp\htdocs\YII\framework\base\CComponent.php:131
Stack trace:
#0 C:\xampp\htdocs\YII\framework\db\ar\CActiveRecord.php(128): CComponent->__get('tagLinks')
#1 C:\xampp\htdocs\BlogAPP\protected\views\post\_view.php(56): CActiveRecord->__get('tagLinks')
#2 C:\xampp\htdocs\YII\framework\web\CBaseController.php(119): require('C:\xampp\htdocs...')
#3 C:\xampp\htdocs\YII\framework\web\CBaseController.php(88): CBaseController->renderInternal('C:\xampp\htdocs...', Array, true)
#4 C:\xampp\htdocs\YII\framework\web\CController.php(866): CBaseController->renderFile('C:\xampp\htdocs...', Array, true)
#5 C:\xampp\htdocs\YII\framework\zii\widgets\CListView.php(234): CController->renderPartial('_view', Array)
#6 C:\xampp\htdocs\YII\framework\zii\widgets\CBaseListView.php(158): CListView->renderItems()
#7 [internal function]: CBaseListView->renderSection(Array)
#8 C:\xampp\htdocs\YII\framework\zii\widgets\CBaseListView.php(141): preg_replace_callback('/{(\w+)}/', Array, '{summary}?{sort...')
#9 C:\xampp\htdocs\YII\framework\zii\widgets\CBaseListView.php(126): CBaseListView->renderContent()
#10 C:\xampp\htdocs\YII\framework\web\CBaseController.php(166): CBaseListView->run()
#11 C:\xampp\htdocs\BlogAPP\protected\views\post\index.php(17): CBaseController->widget('zii.widgets.CLi...', Array)
#12 C:\xampp\htdocs\YII\framework\web\CBaseController.php(119): require('C:\xampp\htdocs...')
#13 C:\xampp\htdocs\YII\framework\web\CBaseController.php(88): CBaseController->renderInternal('C:\xampp\htdocs...', Array, true)
#14 C:\xampp\htdocs\YII\framework\web\CController.php(866): CBaseController->renderFile('C:\xampp\htdocs...', Array, true)
#15 C:\xampp\htdocs\YII\framework\web\CController.php(779): CController->renderPartial('index', Array, true)
#16 C:\xampp\htdocs\BlogAPP\protected\controllers\PostController.php(149): CController->render('index', Array)
#17 C:\xampp\htdocs\YII\framework\web\actions\CInlineAction.php(50): PostController->actionIndex()
#18 C:\xampp\htdocs\YII\framework\web\CController.php(300): CInlineAction->runWithParams(Array)
#19 C:\xampp\htdocs\YII\framework\web\filters\CFilterChain.php(133): CController->runAction(Object(CInlineAction))
#20 C:\xampp\htdocs\YII\framework\web\filters\CFilter.php(41): CFilterChain->run()
#21 C:\xampp\htdocs\YII\framework\web\CController.php(1122): CFilter->filter(Object(CFilterChain))
#22 C:\xampp\htdocs\YII\framework\web\filters\CInlineFilter.php(59): CController->filterAccessControl(Object(CFilterChain))
#23 C:\xampp\htdocs\YII\framework\web\filters\CFilterChain.php(130): CInlineFilter->filter(Object(CFilterChain))
#24 C:\xampp\htdocs\YII\framework\web\CController.php(283): CFilterChain->run()
#25 C:\xampp\htdocs\YII\framework\web\CController.php(257): CController->runActionWithFilters(Object(CInlineAction), Array)
#26 C:\xampp\htdocs\YII\framework\web\CWebApplication.php(328): CController->run('index')
#27 C:\xampp\htdocs\YII\framework\web\CWebApplication.php(121): CWebApplication->runController('post/index')
#28 C:\xampp\htdocs\YII\framework\base\CApplication.php(155): CWebApplication->processRequest()
#29 C:\xampp\htdocs\BlogAPP\index.php(13): CApplication->run()
#30 {main} REQUEST_URI=/BlogAPP/index.php?r=post/index
2012/11/17 15:43:33 [error] [exception.CException] exception 'CException' with message 'Property "Post.tagLinks" is not defined.' in C:\xampp\htdocs\YII\framework\base\CComponent.php:131
Stack trace:
#0 C:\xampp\htdocs\YII\framework\db\ar\CActiveRecord.php(128): CComponent->__get('tagLinks')
#1 C:\xampp\htdocs\BlogAPP\protected\views\post\_view.php(56): CActiveRecord->__get('tagLinks')
#2 C:\xampp\htdocs\YII\framework\web\CBaseController.php(119): require('C:\xampp\htdocs...')
#3 C:\xampp\htdocs\YII\framework\web\CBaseController.php(88): CBaseController->renderInternal('C:\xampp\htdocs...', Array, true)
#4 C:\xampp\htdocs\YII\framework\web\CController.php(866): CBaseController->renderFile('C:\xampp\htdocs...', Array, true)
#5 C:\xampp\htdocs\YII\framework\zii\widgets\CListView.php(234): CController->renderPartial('_view', Array)
#6 C:\xampp\htdocs\YII\framework\zii\widgets\CBaseListView.php(158): CListView->renderItems()
#7 [internal function]: CBaseListView->renderSection(Array)
#8 C:\xampp\htdocs\YII\framework\zii\widgets\CBaseListView.php(141): preg_replace_callback('/{(\w+)}/', Array, '{summary}?{sort...')
#9 C:\xampp\htdocs\YII\framework\zii\widgets\CBaseListView.php(126): CBaseListView->renderContent()
#10 C:\xampp\htdocs\YII\framework\web\CBaseController.php(166): CBaseListView->run()
#11 C:\xampp\htdocs\BlogAPP\protected\views\post\index.php(17): CBaseController->widget('zii.widgets.CLi...', Array)
#12 C:\xampp\htdocs\YII\framework\web\CBaseController.php(119): require('C:\xampp\htdocs...')
#13 C:\xampp\htdocs\YII\framework\web\CBaseController.php(88): CBaseController->renderInternal('C:\xampp\htdocs...', Array, true)
#14 C:\xampp\htdocs\YII\framework\web\CController.php(866): CBaseController->renderFile('C:\xampp\htdocs...', Array, true)
#15 C:\xampp\htdocs\YII\framework\web\CController.php(779): CController->renderPartial('index', Array, true)
#16 C:\xampp\htdocs\BlogAPP\protected\controllers\PostController.php(149): CController->render('index', Array)
#17 C:\xampp\htdocs\YII\framework\web\actions\CInlineAction.php(50): PostController->actionIndex()
#18 C:\xampp\htdocs\YII\framework\web\CController.php(300): CInlineAction->runWithParams(Array)
#19 C:\xampp\htdocs\YII\framework\web\filters\CFilterChain.php(133): CController->runAction(Object(CInlineAction))
#20 C:\xampp\htdocs\YII\framework\web\filters\CFilter.php(41): CFilterChain->run()
#21 C:\xampp\htdocs\YII\framework\web\CController.php(1122): CFilter->filter(Object(CFilterChain))
#22 C:\xampp\htdocs\YII\framework\web\filters\CInlineFilter.php(59): CController->filterAccessControl(Object(CFilterChain))
#23 C:\xampp\htdocs\YII\framework\web\filters\CFilterChain.php(130): CInlineFilter->filter(Object(CFilterChain))
#24 C:\xampp\htdocs\YII\framework\web\CController.php(283): CFilterChain->run()
#25 C:\xampp\htdocs\YII\framework\web\CController.php(257): CController->runActionWithFilters(Object(CInlineAction), Array)
#26 C:\xampp\htdocs\YII\framework\web\CWebApplication.php(328): CController->run('index')
#27 C:\xampp\htdocs\YII\framework\web\CWebApplication.php(121): CWebApplication->runController('post/index')
#28 C:\xampp\htdocs\YII\framework\base\CApplication.php(155): CWebApplication->processRequest()
#29 C:\xampp\htdocs\BlogAPP\index.php(13): CApplication->run()
#30 {main} REQUEST_URI=/BlogAPP/index.php?r=post/index
2012/11/17 15:45:00 [error] [exception.CException] exception 'CException' with message 'Property "Post.tagLinks" is not defined.' in C:\xampp\htdocs\YII\framework\base\CComponent.php:131
Stack trace:
#0 C:\xampp\htdocs\YII\framework\db\ar\CActiveRecord.php(128): CComponent->__get('tagLinks')
#1 C:\xampp\htdocs\BlogAPP\protected\views\post\_view.php(56): CActiveRecord->__get('tagLinks')
#2 C:\xampp\htdocs\YII\framework\web\CBaseController.php(119): require('C:\xampp\htdocs...')
#3 C:\xampp\htdocs\YII\framework\web\CBaseController.php(88): CBaseController->renderInternal('C:\xampp\htdocs...', Array, true)
#4 C:\xampp\htdocs\YII\framework\web\CController.php(866): CBaseController->renderFile('C:\xampp\htdocs...', Array, true)
#5 C:\xampp\htdocs\YII\framework\zii\widgets\CListView.php(234): CController->renderPartial('_view', Array)
#6 C:\xampp\htdocs\YII\framework\zii\widgets\CBaseListView.php(158): CListView->renderItems()
#7 [internal function]: CBaseListView->renderSection(Array)
#8 C:\xampp\htdocs\YII\framework\zii\widgets\CBaseListView.php(141): preg_replace_callback('/{(\w+)}/', Array, '{summary}?{sort...')
#9 C:\xampp\htdocs\YII\framework\zii\widgets\CBaseListView.php(126): CBaseListView->renderContent()
#10 C:\xampp\htdocs\YII\framework\web\CBaseController.php(166): CBaseListView->run()
#11 C:\xampp\htdocs\BlogAPP\protected\views\post\index.php(17): CBaseController->widget('zii.widgets.CLi...', Array)
#12 C:\xampp\htdocs\YII\framework\web\CBaseController.php(119): require('C:\xampp\htdocs...')
#13 C:\xampp\htdocs\YII\framework\web\CBaseController.php(88): CBaseController->renderInternal('C:\xampp\htdocs...', Array, true)
#14 C:\xampp\htdocs\YII\framework\web\CController.php(866): CBaseController->renderFile('C:\xampp\htdocs...', Array, true)
#15 C:\xampp\htdocs\YII\framework\web\CController.php(779): CController->renderPartial('index', Array, true)
#16 C:\xampp\htdocs\BlogAPP\protected\controllers\PostController.php(149): CController->render('index', Array)
#17 C:\xampp\htdocs\YII\framework\web\actions\CInlineAction.php(50): PostController->actionIndex()
#18 C:\xampp\htdocs\YII\framework\web\CController.php(300): CInlineAction->runWithParams(Array)
#19 C:\xampp\htdocs\YII\framework\web\filters\CFilterChain.php(133): CController->runAction(Object(CInlineAction))
#20 C:\xampp\htdocs\YII\framework\web\filters\CFilter.php(41): CFilterChain->run()
#21 C:\xampp\htdocs\YII\framework\web\CController.php(1122): CFilter->filter(Object(CFilterChain))
#22 C:\xampp\htdocs\YII\framework\web\filters\CInlineFilter.php(59): CController->filterAccessControl(Object(CFilterChain))
#23 C:\xampp\htdocs\YII\framework\web\filters\CFilterChain.php(130): CInlineFilter->filter(Object(CFilterChain))
#24 C:\xampp\htdocs\YII\framework\web\CController.php(283): CFilterChain->run()
#25 C:\xampp\htdocs\YII\framework\web\CController.php(257): CController->runActionWithFilters(Object(CInlineAction), Array)
#26 C:\xampp\htdocs\YII\framework\web\CWebApplication.php(328): CController->run('index')
#27 C:\xampp\htdocs\YII\framework\web\CWebApplication.php(121): CWebApplication->runController('post/index')
#28 C:\xampp\htdocs\YII\framework\base\CApplication.php(155): CWebApplication->processRequest()
#29 C:\xampp\htdocs\BlogAPP\index.php(13): CApplication->run()
#30 {main} REQUEST_URI=/BlogAPP/index.php?r=post/index
2012/11/17 16:05:53 [error] [php] Undefined variable: data (C:\xampp\htdocs\BlogAPP\protected\views\post\view.php:34)
Stack trace:
#0 C:\xampp\htdocs\YII\framework\web\CController.php(866): PostController->renderFile()
#1 C:\xampp\htdocs\YII\framework\web\CController.php(779): PostController->renderPartial()
#2 C:\xampp\htdocs\BlogAPP\protected\controllers\PostController.php(71): PostController->render()
#3 unknown(0): PostController->actionView()
#4 C:\xampp\htdocs\YII\framework\web\actions\CAction.php(104): ReflectionMethod->invokeArgs()
#5 C:\xampp\htdocs\YII\framework\web\actions\CInlineAction.php(48): CInlineAction->runWithParamsInternal()
#6 C:\xampp\htdocs\YII\framework\web\CController.php(300): CInlineAction->runWithParams()
#7 C:\xampp\htdocs\YII\framework\web\filters\CFilterChain.php(133): PostController->runAction()
#8 C:\xampp\htdocs\YII\framework\web\filters\CFilter.php(41): CFilterChain->run()
#9 C:\xampp\htdocs\YII\framework\web\CController.php(1122): CAccessControlFilter->filter()
#10 C:\xampp\htdocs\YII\framework\web\filters\CInlineFilter.php(59): PostController->filterAccessControl()
#11 C:\xampp\htdocs\YII\framework\web\filters\CFilterChain.php(130): CInlineFilter->filter()
#12 C:\xampp\htdocs\YII\framework\web\CController.php(283): CFilterChain->run()
#13 C:\xampp\htdocs\YII\framework\web\CController.php(257): PostController->runActionWithFilters()
#14 C:\xampp\htdocs\YII\framework\web\CWebApplication.php(328): PostController->run()
#15 C:\xampp\htdocs\YII\framework\web\CWebApplication.php(121): CWebApplication->runController()
#16 C:\xampp\htdocs\YII\framework\base\CApplication.php(155): CWebApplication->processRequest()
#17 C:\xampp\htdocs\BlogAPP\index.php(13): CWebApplication->run()
REQUEST_URI=/BlogAPP/index.php?r=post/view&id=1
in C:\xampp\htdocs\BlogAPP\protected\views\post\view.php (34)
in C:\xampp\htdocs\BlogAPP\protected\controllers\PostController.php (71)
in C:\xampp\htdocs\BlogAPP\index.php (13)
2012/11/17 16:06:51 [error] [php] Undefined variable: data (C:\xampp\htdocs\BlogAPP\protected\views\post\view.php:35)
Stack trace:
#0 C:\xampp\htdocs\YII\framework\web\CController.php(866): PostController->renderFile()
#1 C:\xampp\htdocs\YII\framework\web\CController.php(779): PostController->renderPartial()
#2 C:\xampp\htdocs\BlogAPP\protected\controllers\PostController.php(71): PostController->render()
#3 unknown(0): PostController->actionView()
#4 C:\xampp\htdocs\YII\framework\web\actions\CAction.php(104): ReflectionMethod->invokeArgs()
#5 C:\xampp\htdocs\YII\framework\web\actions\CInlineAction.php(48): CInlineAction->runWithParamsInternal()
#6 C:\xampp\htdocs\YII\framework\web\CController.php(300): CInlineAction->runWithParams()
#7 C:\xampp\htdocs\YII\framework\web\filters\CFilterChain.php(133): PostController->runAction()
#8 C:\xampp\htdocs\YII\framework\web\filters\CFilter.php(41): CFilterChain->run()
#9 C:\xampp\htdocs\YII\framework\web\CController.php(1122): CAccessControlFilter->filter()
#10 C:\xampp\htdocs\YII\framework\web\filters\CInlineFilter.php(59): PostController->filterAccessControl()
#11 C:\xampp\htdocs\YII\framework\web\filters\CFilterChain.php(130): CInlineFilter->filter()
#12 C:\xampp\htdocs\YII\framework\web\CController.php(283): CFilterChain->run()
#13 C:\xampp\htdocs\YII\framework\web\CController.php(257): PostController->runActionWithFilters()
#14 C:\xampp\htdocs\YII\framework\web\CWebApplication.php(328): PostController->run()
#15 C:\xampp\htdocs\YII\framework\web\CWebApplication.php(121): CWebApplication->runController()
#16 C:\xampp\htdocs\YII\framework\base\CApplication.php(155): CWebApplication->processRequest()
#17 C:\xampp\htdocs\BlogAPP\index.php(13): CWebApplication->run()
REQUEST_URI=/BlogAPP/index.php?r=post/view&id=1
in C:\xampp\htdocs\BlogAPP\protected\views\post\view.php (35)
in C:\xampp\htdocs\BlogAPP\protected\controllers\PostController.php (71)
in C:\xampp\htdocs\BlogAPP\index.php (13)
2012/11/17 16:08:28 [error] [php] Undefined variable: comment (C:\xampp\htdocs\BlogAPP\protected\views\post\view.php:63)
Stack trace:
#0 C:\xampp\htdocs\YII\framework\web\CController.php(866): PostController->renderFile()
#1 C:\xampp\htdocs\YII\framework\web\CController.php(779): PostController->renderPartial()
#2 C:\xampp\htdocs\BlogAPP\protected\controllers\PostController.php(71): PostController->render()
#3 unknown(0): PostController->actionView()
#4 C:\xampp\htdocs\YII\framework\web\actions\CAction.php(104): ReflectionMethod->invokeArgs()
#5 C:\xampp\htdocs\YII\framework\web\actions\CInlineAction.php(48): CInlineAction->runWithParamsInternal()
#6 C:\xampp\htdocs\YII\framework\web\CController.php(300): CInlineAction->runWithParams()
#7 C:\xampp\htdocs\YII\framework\web\filters\CFilterChain.php(133): PostController->runAction()
#8 C:\xampp\htdocs\YII\framework\web\filters\CFilter.php(41): CFilterChain->run()
#9 C:\xampp\htdocs\YII\framework\web\CController.php(1122): CAccessControlFilter->filter()
#10 C:\xampp\htdocs\YII\framework\web\filters\CInlineFilter.php(59): PostController->filterAccessControl()
#11 C:\xampp\htdocs\YII\framework\web\filters\CFilterChain.php(130): CInlineFilter->filter()
#12 C:\xampp\htdocs\YII\framework\web\CController.php(283): CFilterChain->run()
#13 C:\xampp\htdocs\YII\framework\web\CController.php(257): PostController->runActionWithFilters()
#14 C:\xampp\htdocs\YII\framework\web\CWebApplication.php(328): PostController->run()
#15 C:\xampp\htdocs\YII\framework\web\CWebApplication.php(121): CWebApplication->runController()
#16 C:\xampp\htdocs\YII\framework\base\CApplication.php(155): CWebApplication->processRequest()
#17 C:\xampp\htdocs\BlogAPP\index.php(13): CWebApplication->run()
REQUEST_URI=/BlogAPP/index.php?r=post/view&id=1
in C:\xampp\htdocs\BlogAPP\protected\views\post\view.php (63)
in C:\xampp\htdocs\BlogAPP\protected\controllers\PostController.php (71)
in C:\xampp\htdocs\BlogAPP\index.php (13)
2012/11/17 16:09:16 [error] [php] Undefined variable: comment (C:\xampp\htdocs\BlogAPP\protected\views\post\view.php:64)
Stack trace:
#0 C:\xampp\htdocs\YII\framework\web\CController.php(866): PostController->renderFile()
#1 C:\xampp\htdocs\YII\framework\web\CController.php(779): PostController->renderPartial()
#2 C:\xampp\htdocs\BlogAPP\protected\controllers\PostController.php(71): PostController->render()
#3 unknown(0): PostController->actionView()
#4 C:\xampp\htdocs\YII\framework\web\actions\CAction.php(104): ReflectionMethod->invokeArgs()
#5 C:\xampp\htdocs\YII\framework\web\actions\CInlineAction.php(48): CInlineAction->runWithParamsInternal()
#6 C:\xampp\htdocs\YII\framework\web\CController.php(300): CInlineAction->runWithParams()
#7 C:\xampp\htdocs\YII\framework\web\filters\CFilterChain.php(133): PostController->runAction()
#8 C:\xampp\htdocs\YII\framework\web\filters\CFilter.php(41): CFilterChain->run()
#9 C:\xampp\htdocs\YII\framework\web\CController.php(1122): CAccessControlFilter->filter()
#10 C:\xampp\htdocs\YII\framework\web\filters\CInlineFilter.php(59): PostController->filterAccessControl()
#11 C:\xampp\htdocs\YII\framework\web\filters\CFilterChain.php(130): CInlineFilter->filter()
#12 C:\xampp\htdocs\YII\framework\web\CController.php(283): CFilterChain->run()
#13 C:\xampp\htdocs\YII\framework\web\CController.php(257): PostController->runActionWithFilters()
#14 C:\xampp\htdocs\YII\framework\web\CWebApplication.php(328): PostController->run()
#15 C:\xampp\htdocs\YII\framework\web\CWebApplication.php(121): CWebApplication->runController()
#16 C:\xampp\htdocs\YII\framework\base\CApplication.php(155): CWebApplication->processRequest()
#17 C:\xampp\htdocs\BlogAPP\index.php(13): CWebApplication->run()
REQUEST_URI=/BlogAPP/index.php?r=post/view&id=1
in C:\xampp\htdocs\BlogAPP\protected\views\post\view.php (64)
in C:\xampp\htdocs\BlogAPP\protected\controllers\PostController.php (71)
in C:\xampp\htdocs\BlogAPP\index.php (13)
2012/11/17 16:36:38 [error] [php] Undefined variable: comment (C:\xampp\htdocs\BlogAPP\protected\views\post\view.php:64)
Stack trace:
#0 C:\xampp\htdocs\YII\framework\web\CController.php(866): PostController->renderFile()
#1 C:\xampp\htdocs\YII\framework\web\CController.php(779): PostController->renderPartial()
#2 C:\xampp\htdocs\BlogAPP\protected\controllers\PostController.php(71): PostController->render()
#3 unknown(0): PostController->actionView()
#4 C:\xampp\htdocs\YII\framework\web\actions\CAction.php(104): ReflectionMethod->invokeArgs()
#5 C:\xampp\htdocs\YII\framework\web\actions\CInlineAction.php(48): CInlineAction->runWithParamsInternal()
#6 C:\xampp\htdocs\YII\framework\web\CController.php(300): CInlineAction->runWithParams()
#7 C:\xampp\htdocs\YII\framework\web\filters\CFilterChain.php(133): PostController->runAction()
#8 C:\xampp\htdocs\YII\framework\web\filters\CFilter.php(41): CFilterChain->run()
#9 C:\xampp\htdocs\YII\framework\web\CController.php(1122): CAccessControlFilter->filter()
#10 C:\xampp\htdocs\YII\framework\web\filters\CInlineFilter.php(59): PostController->filterAccessControl()
#11 C:\xampp\htdocs\YII\framework\web\filters\CFilterChain.php(130): CInlineFilter->filter()
#12 C:\xampp\htdocs\YII\framework\web\CController.php(283): CFilterChain->run()
#13 C:\xampp\htdocs\YII\framework\web\CController.php(257): PostController->runActionWithFilters()
#14 C:\xampp\htdocs\YII\framework\web\CWebApplication.php(328): PostController->run()
#15 C:\xampp\htdocs\YII\framework\web\CWebApplication.php(121): CWebApplication->runController()
#16 C:\xampp\htdocs\YII\framework\base\CApplication.php(155): CWebApplication->processRequest()
#17 C:\xampp\htdocs\BlogAPP\index.php(13): CWebApplication->run()
REQUEST_URI=/BlogAPP/index.php?r=post/view&id=1
in C:\xampp\htdocs\BlogAPP\protected\views\post\view.php (64)
in C:\xampp\htdocs\BlogAPP\protected\controllers\PostController.php (71)
in C:\xampp\htdocs\BlogAPP\index.php (13)
2012/11/17 16:46:28 [error] [exception.CException] exception 'CException' with message 'Comment does not have a method named "getUrl".' in C:\xampp\htdocs\YII\framework\base\CComponent.php:266
Stack trace:
#0 C:\xampp\htdocs\YII\framework\db\ar\CActiveRecord.php(213): CComponent->__call('getUrl', Array)
#1 C:\xampp\htdocs\BlogAPP\protected\views\post\_comments.php(4): CActiveRecord->__call('getUrl', Array)
#2 C:\xampp\htdocs\BlogAPP\protected\views\post\_comments.php(4): Comment->getUrl(Object(Post))
#3 C:\xampp\htdocs\YII\framework\web\CBaseController.php(119): require('C:\xampp\htdocs...')
#4 C:\xampp\htdocs\YII\framework\web\CBaseController.php(88): CBaseController->renderInternal('C:\xampp\htdocs...', Array, true)
#5 C:\xampp\htdocs\YII\framework\web\CController.php(866): CBaseController->renderFile('C:\xampp\htdocs...', Array, true)
#6 C:\xampp\htdocs\BlogAPP\protected\views\post\view.php(53): CController->renderPartial('_comments', Array)
#7 C:\xampp\htdocs\YII\framework\web\CBaseController.php(119): require('C:\xampp\htdocs...')
#8 C:\xampp\htdocs\YII\framework\web\CBaseController.php(88): CBaseController->renderInternal('C:\xampp\htdocs...', Array, true)
#9 C:\xampp\htdocs\YII\framework\web\CController.php(866): CBaseController->renderFile('C:\xampp\htdocs...', Array, true)
#10 C:\xampp\htdocs\YII\framework\web\CController.php(779): CController->renderPartial('view', Array, true)
#11 C:\xampp\htdocs\BlogAPP\protected\controllers\PostController.php(71): CController->render('view', Array)
#12 [internal function]: PostController->actionView('1')
#13 C:\xampp\htdocs\YII\framework\web\actions\CAction.php(104): ReflectionMethod->invokeArgs(Object(PostController), Array)
#14 C:\xampp\htdocs\YII\framework\web\actions\CInlineAction.php(48): CAction->runWithParamsInternal(Object(PostController), Object(ReflectionMethod), Array)
#15 C:\xampp\htdocs\YII\framework\web\CController.php(300): CInlineAction->runWithParams(Array)
#16 C:\xampp\htdocs\YII\framework\web\filters\CFilterChain.php(133): CController->runAction(Object(CInlineAction))
#17 C:\xampp\htdocs\YII\framework\web\filters\CFilter.php(41): CFilterChain->run()
#18 C:\xampp\htdocs\YII\framework\web\CController.php(1122): CFilter->filter(Object(CFilterChain))
#19 C:\xampp\htdocs\YII\framework\web\filters\CInlineFilter.php(59): CController->filterAccessControl(Object(CFilterChain))
#20 C:\xampp\htdocs\YII\framework\web\filters\CFilterChain.php(130): CInlineFilter->filter(Object(CFilterChain))
#21 C:\xampp\htdocs\YII\framework\web\CController.php(283): CFilterChain->run()
#22 C:\xampp\htdocs\YII\framework\web\CController.php(257): CController->runActionWithFilters(Object(CInlineAction), Array)
#23 C:\xampp\htdocs\YII\framework\web\CWebApplication.php(328): CController->run('view')
#24 C:\xampp\htdocs\YII\framework\web\CWebApplication.php(121): CWebApplication->runController('post/view')
#25 C:\xampp\htdocs\YII\framework\base\CApplication.php(155): CWebApplication->processRequest()
#26 C:\xampp\htdocs\BlogAPP\index.php(13): CApplication->run()
#27 {main} REQUEST_URI=/BlogAPP/index.php?r=post/view&id=1
2012/11/17 16:46:42 [error] [exception.CException] exception 'CException' with message 'Comment does not have a method named "getUrl".' in C:\xampp\htdocs\YII\framework\base\CComponent.php:266
Stack trace:
#0 C:\xampp\htdocs\YII\framework\db\ar\CActiveRecord.php(213): CComponent->__call('getUrl', Array)
#1 C:\xampp\htdocs\BlogAPP\protected\views\post\_comments.php(4): CActiveRecord->__call('getUrl', Array)
#2 C:\xampp\htdocs\BlogAPP\protected\views\post\_comments.php(4): Comment->getUrl(Object(Post))
#3 C:\xampp\htdocs\YII\framework\web\CBaseController.php(119): require('C:\xampp\htdocs...')
#4 C:\xampp\htdocs\YII\framework\web\CBaseController.php(88): CBaseController->renderInternal('C:\xampp\htdocs...', Array, true)
#5 C:\xampp\htdocs\YII\framework\web\CController.php(866): CBaseController->renderFile('C:\xampp\htdocs...', Array, true)
#6 C:\xampp\htdocs\BlogAPP\protected\views\post\view.php(53): CController->renderPartial('_comments', Array)
#7 C:\xampp\htdocs\YII\framework\web\CBaseController.php(119): require('C:\xampp\htdocs...')
#8 C:\xampp\htdocs\YII\framework\web\CBaseController.php(88): CBaseController->renderInternal('C:\xampp\htdocs...', Array, true)
#9 C:\xampp\htdocs\YII\framework\web\CController.php(866): CBaseController->renderFile('C:\xampp\htdocs...', Array, true)
#10 C:\xampp\htdocs\YII\framework\web\CController.php(779): CController->renderPartial('view', Array, true)
#11 C:\xampp\htdocs\BlogAPP\protected\controllers\PostController.php(71): CController->render('view', Array)
#12 [internal function]: PostController->actionView('1')
#13 C:\xampp\htdocs\YII\framework\web\actions\CAction.php(104): ReflectionMethod->invokeArgs(Object(PostController), Array)
#14 C:\xampp\htdocs\YII\framework\web\actions\CInlineAction.php(48): CAction->runWithParamsInternal(Object(PostController), Object(ReflectionMethod), Array)
#15 C:\xampp\htdocs\YII\framework\web\CController.php(300): CInlineAction->runWithParams(Array)
#16 C:\xampp\htdocs\YII\framework\web\filters\CFilterChain.php(133): CController->runAction(Object(CInlineAction))
#17 C:\xampp\htdocs\YII\framework\web\filters\CFilter.php(41): CFilterChain->run()
#18 C:\xampp\htdocs\YII\framework\web\CController.php(1122): CFilter->filter(Object(CFilterChain))
#19 C:\xampp\htdocs\YII\framework\web\filters\CInlineFilter.php(59): CController->filterAccessControl(Object(CFilterChain))
#20 C:\xampp\htdocs\YII\framework\web\filters\CFilterChain.php(130): CInlineFilter->filter(Object(CFilterChain))
#21 C:\xampp\htdocs\YII\framework\web\CController.php(283): CFilterChain->run()
#22 C:\xampp\htdocs\YII\framework\web\CController.php(257): CController->runActionWithFilters(Object(CInlineAction), Array)
#23 C:\xampp\htdocs\YII\framework\web\CWebApplication.php(328): CController->run('view')
#24 C:\xampp\htdocs\YII\framework\web\CWebApplication.php(121): CWebApplication->runController('post/view')
#25 C:\xampp\htdocs\YII\framework\base\CApplication.php(155): CWebApplication->processRequest()
#26 C:\xampp\htdocs\BlogAPP\index.php(13): CApplication->run()
#27 {main} REQUEST_URI=/BlogAPP/index.php?r=post/view&id=1
2012/11/17 16:47:43 [error] [exception.CException] exception 'CException' with message 'Comment does not have a method named "getUrl".' in C:\xampp\htdocs\YII\framework\base\CComponent.php:266
Stack trace:
#0 C:\xampp\htdocs\YII\framework\db\ar\CActiveRecord.php(213): CComponent->__call('getUrl', Array)
#1 C:\xampp\htdocs\BlogAPP\protected\views\post\_comments.php(4): CActiveRecord->__call('getUrl', Array)
#2 C:\xampp\htdocs\BlogAPP\protected\views\post\_comments.php(4): Comment->getUrl(Object(Post))
#3 C:\xampp\htdocs\YII\framework\web\CBaseController.php(119): require('C:\xampp\htdocs...')
#4 C:\xampp\htdocs\YII\framework\web\CBaseController.php(88): CBaseController->renderInternal('C:\xampp\htdocs...', Array, true)
#5 C:\xampp\htdocs\YII\framework\web\CController.php(866): CBaseController->renderFile('C:\xampp\htdocs...', Array, true)
#6 C:\xampp\htdocs\BlogAPP\protected\views\post\view.php(53): CController->renderPartial('_comments', Array)
#7 C:\xampp\htdocs\YII\framework\web\CBaseController.php(119): require('C:\xampp\htdocs...')
#8 C:\xampp\htdocs\YII\framework\web\CBaseController.php(88): CBaseController->renderInternal('C:\xampp\htdocs...', Array, true)
#9 C:\xampp\htdocs\YII\framework\web\CController.php(866): CBaseController->renderFile('C:\xampp\htdocs...', Array, true)
#10 C:\xampp\htdocs\YII\framework\web\CController.php(779): CController->renderPartial('view', Array, true)
#11 C:\xampp\htdocs\BlogAPP\protected\controllers\PostController.php(71): CController->render('view', Array)
#12 [internal function]: PostController->actionView('1')
#13 C:\xampp\htdocs\YII\framework\web\actions\CAction.php(104): ReflectionMethod->invokeArgs(Object(PostController), Array)
#14 C:\xampp\htdocs\YII\framework\web\actions\CInlineAction.php(48): CAction->runWithParamsInternal(Object(PostController), Object(ReflectionMethod), Array)
#15 C:\xampp\htdocs\YII\framework\web\CController.php(300): CInlineAction->runWithParams(Array)
#16 C:\xampp\htdocs\YII\framework\web\filters\CFilterChain.php(133): CController->runAction(Object(CInlineAction))
#17 C:\xampp\htdocs\YII\framework\web\filters\CFilter.php(41): CFilterChain->run()
#18 C:\xampp\htdocs\YII\framework\web\CController.php(1122): CFilter->filter(Object(CFilterChain))
#19 C:\xampp\htdocs\YII\framework\web\filters\CInlineFilter.php(59): CController->filterAccessControl(Object(CFilterChain))
#20 C:\xampp\htdocs\YII\framework\web\filters\CFilterChain.php(130): CInlineFilter->filter(Object(CFilterChain))
#21 C:\xampp\htdocs\YII\framework\web\CController.php(283): CFilterChain->run()
#22 C:\xampp\htdocs\YII\framework\web\CController.php(257): CController->runActionWithFilters(Object(CInlineAction), Array)
#23 C:\xampp\htdocs\YII\framework\web\CWebApplication.php(328): CController->run('view')
#24 C:\xampp\htdocs\YII\framework\web\CWebApplication.php(121): CWebApplication->runController('post/view')
#25 C:\xampp\htdocs\YII\framework\base\CApplication.php(155): CWebApplication->processRequest()
#26 C:\xampp\htdocs\BlogAPP\index.php(13): CApplication->run()
#27 {main} REQUEST_URI=/BlogAPP/index.php?r=post/view&id=1
2012/11/17 16:48:35 [error] [exception.CException] exception 'CException' with message 'Comment does not have a method named "getUrl".' in C:\xampp\htdocs\YII\framework\base\CComponent.php:266
Stack trace:
#0 C:\xampp\htdocs\YII\framework\db\ar\CActiveRecord.php(213): CComponent->__call('getUrl', Array)
#1 C:\xampp\htdocs\BlogAPP\protected\views\post\_comments.php(4): CActiveRecord->__call('getUrl', Array)
#2 C:\xampp\htdocs\BlogAPP\protected\views\post\_comments.php(4): Comment->getUrl(Object(Post))
#3 C:\xampp\htdocs\YII\framework\web\CBaseController.php(119): require('C:\xampp\htdocs...')
#4 C:\xampp\htdocs\YII\framework\web\CBaseController.php(88): CBaseController->renderInternal('C:\xampp\htdocs...', Array, true)
#5 C:\xampp\htdocs\YII\framework\web\CController.php(866): CBaseController->renderFile('C:\xampp\htdocs...', Array, true)
#6 C:\xampp\htdocs\BlogAPP\protected\views\post\view.php(53): CController->renderPartial('_comments', Array)
#7 C:\xampp\htdocs\YII\framework\web\CBaseController.php(119): require('C:\xampp\htdocs...')
#8 C:\xampp\htdocs\YII\framework\web\CBaseController.php(88): CBaseController->renderInternal('C:\xampp\htdocs...', Array, true)
#9 C:\xampp\htdocs\YII\framework\web\CController.php(866): CBaseController->renderFile('C:\xampp\htdocs...', Array, true)
#10 C:\xampp\htdocs\YII\framework\web\CController.php(779): CController->renderPartial('view', Array, true)
#11 C:\xampp\htdocs\BlogAPP\protected\controllers\PostController.php(71): CController->render('view', Array)
#12 [internal function]: PostController->actionView('1')
#13 C:\xampp\htdocs\YII\framework\web\actions\CAction.php(104): ReflectionMethod->invokeArgs(Object(PostController), Array)
#14 C:\xampp\htdocs\YII\framework\web\actions\CInlineAction.php(48): CAction->runWithParamsInternal(Object(PostController), Object(ReflectionMethod), Array)
#15 C:\xampp\htdocs\YII\framework\web\CController.php(300): CInlineAction->runWithParams(Array)
#16 C:\xampp\htdocs\YII\framework\web\filters\CFilterChain.php(133): CController->runAction(Object(CInlineAction))
#17 C:\xampp\htdocs\YII\framework\web\filters\CFilter.php(41): CFilterChain->run()
#18 C:\xampp\htdocs\YII\framework\web\CController.php(1122): CFilter->filter(Object(CFilterChain))
#19 C:\xampp\htdocs\YII\framework\web\filters\CInlineFilter.php(59): CController->filterAccessControl(Object(CFilterChain))
#20 C:\xampp\htdocs\YII\framework\web\filters\CFilterChain.php(130): CInlineFilter->filter(Object(CFilterChain))
#21 C:\xampp\htdocs\YII\framework\web\CController.php(283): CFilterChain->run()
#22 C:\xampp\htdocs\YII\framework\web\CController.php(257): CController->runActionWithFilters(Object(CInlineAction), Array)
#23 C:\xampp\htdocs\YII\framework\web\CWebApplication.php(328): CController->run('view')
#24 C:\xampp\htdocs\YII\framework\web\CWebApplication.php(121): CWebApplication->runController('post/view')
#25 C:\xampp\htdocs\YII\framework\base\CApplication.php(155): CWebApplication->processRequest()
#26 C:\xampp\htdocs\BlogAPP\index.php(13): CApplication->run()
#27 {main} REQUEST_URI=/BlogAPP/index.php?r=post/view&id=1
2012/11/17 16:49:19 [error] [exception.CException] exception 'CException' with message 'Property "Comment.authorLink" is not defined.' in C:\xampp\htdocs\YII\framework\base\CComponent.php:131
Stack trace:
#0 C:\xampp\htdocs\YII\framework\db\ar\CActiveRecord.php(128): CComponent->__get('authorLink')
#1 C:\xampp\htdocs\BlogAPP\protected\views\post\_comments.php(10): CActiveRecord->__get('authorLink')
#2 C:\xampp\htdocs\YII\framework\web\CBaseController.php(119): require('C:\xampp\htdocs...')
#3 C:\xampp\htdocs\YII\framework\web\CBaseController.php(88): CBaseController->renderInternal('C:\xampp\htdocs...', Array, true)
#4 C:\xampp\htdocs\YII\framework\web\CController.php(866): CBaseController->renderFile('C:\xampp\htdocs...', Array, true)
#5 C:\xampp\htdocs\BlogAPP\protected\views\post\view.php(53): CController->renderPartial('_comments', Array)
#6 C:\xampp\htdocs\YII\framework\web\CBaseController.php(119): require('C:\xampp\htdocs...')
#7 C:\xampp\htdocs\YII\framework\web\CBaseController.php(88): CBaseController->renderInternal('C:\xampp\htdocs...', Array, true)
#8 C:\xampp\htdocs\YII\framework\web\CController.php(866): CBaseController->renderFile('C:\xampp\htdocs...', Array, true)
#9 C:\xampp\htdocs\YII\framework\web\CController.php(779): CController->renderPartial('view', Array, true)
#10 C:\xampp\htdocs\BlogAPP\protected\controllers\PostController.php(71): CController->render('view', Array)
#11 [internal function]: PostController->actionView('1')
#12 C:\xampp\htdocs\YII\framework\web\actions\CAction.php(104): ReflectionMethod->invokeArgs(Object(PostController), Array)
#13 C:\xampp\htdocs\YII\framework\web\actions\CInlineAction.php(48): CAction->runWithParamsInternal(Object(PostController), Object(ReflectionMethod), Array)
#14 C:\xampp\htdocs\YII\framework\web\CController.php(300): CInlineAction->runWithParams(Array)
#15 C:\xampp\htdocs\YII\framework\web\filters\CFilterChain.php(133): CController->runAction(Object(CInlineAction))
#16 C:\xampp\htdocs\YII\framework\web\filters\CFilter.php(41): CFilterChain->run()
#17 C:\xampp\htdocs\YII\framework\web\CController.php(1122): CFilter->filter(Object(CFilterChain))
#18 C:\xampp\htdocs\YII\framework\web\filters\CInlineFilter.php(59): CController->filterAccessControl(Object(CFilterChain))
#19 C:\xampp\htdocs\YII\framework\web\filters\CFilterChain.php(130): CInlineFilter->filter(Object(CFilterChain))
#20 C:\xampp\htdocs\YII\framework\web\CController.php(283): CFilterChain->run()
#21 C:\xampp\htdocs\YII\framework\web\CController.php(257): CController->runActionWithFilters(Object(CInlineAction), Array)
#22 C:\xampp\htdocs\YII\framework\web\CWebApplication.php(328): CController->run('view')
#23 C:\xampp\htdocs\YII\framework\web\CWebApplication.php(121): CWebApplication->runController('post/view')
#24 C:\xampp\htdocs\YII\framework\base\CApplication.php(155): CWebApplication->processRequest()
#25 C:\xampp\htdocs\BlogAPP\index.php(13): CApplication->run()
#26 {main} REQUEST_URI=/BlogAPP/index.php?r=post/view&id=1
2012/11/17 17:12:21 [error] [php] Undefined variable: post (C:\xampp\htdocs\BlogAPP\protected\controllers\PostController.php:70)
Stack trace:
#0 C:\xampp\htdocs\YII\framework\web\actions\CInlineAction.php(48): CInlineAction->runWithParamsInternal()
#1 C:\xampp\htdocs\YII\framework\web\CController.php(300): CInlineAction->runWithParams()
#2 C:\xampp\htdocs\YII\framework\web\filters\CFilterChain.php(133): PostController->runAction()
#3 C:\xampp\htdocs\YII\framework\web\filters\CFilter.php(41): CFilterChain->run()
#4 C:\xampp\htdocs\YII\framework\web\CController.php(1122): CAccessControlFilter->filter()
#5 C:\xampp\htdocs\YII\framework\web\filters\CInlineFilter.php(59): PostController->filterAccessControl()
#6 C:\xampp\htdocs\YII\framework\web\filters\CFilterChain.php(130): CInlineFilter->filter()
#7 C:\xampp\htdocs\YII\framework\web\CController.php(283): CFilterChain->run()
#8 C:\xampp\htdocs\YII\framework\web\CController.php(257): PostController->runActionWithFilters()
#9 C:\xampp\htdocs\YII\framework\web\CWebApplication.php(328): PostController->run()
#10 C:\xampp\htdocs\YII\framework\web\CWebApplication.php(121): CWebApplication->runController()
#11 C:\xampp\htdocs\YII\framework\base\CApplication.php(155): CWebApplication->processRequest()
#12 C:\xampp\htdocs\BlogAPP\index.php(13): CWebApplication->run()
REQUEST_URI=/BlogAPP/index.php?r=post/view&id=1
in C:\xampp\htdocs\BlogAPP\protected\controllers\PostController.php (70)
in C:\xampp\htdocs\BlogAPP\index.php (13)
2012/11/17 18:04:12 [error] [php] Cannot modify header information - headers already sent by (output started at C:\xampp\htdocs\BlogAPP\protected\controllers\PostController.php:85) (C:\xampp\htdocs\YII\framework\web\CHttpRequest.php:657)
Stack trace:
#0 C:\xampp\htdocs\YII\framework\web\CController.php(1019): PostController->redirect()
#1 C:\xampp\htdocs\BlogAPP\protected\controllers\PostController.php(90): PostController->refresh()
#2 C:\xampp\htdocs\BlogAPP\protected\controllers\PostController.php(71): PostController->newComment()
#3 unknown(0): PostController->actionView()
#4 C:\xampp\htdocs\YII\framework\web\actions\CAction.php(104): ReflectionMethod->invokeArgs()
#5 C:\xampp\htdocs\YII\framework\web\actions\CInlineAction.php(48): CInlineAction->runWithParamsInternal()
#6 C:\xampp\htdocs\YII\framework\web\CController.php(300): CInlineAction->runWithParams()
#7 C:\xampp\htdocs\YII\framework\web\filters\CFilterChain.php(133): PostController->runAction()
#8 C:\xampp\htdocs\YII\framework\web\filters\CFilter.php(41): CFilterChain->run()
#9 C:\xampp\htdocs\YII\framework\web\CController.php(1122): CAccessControlFilter->filter()
#10 C:\xampp\htdocs\YII\framework\web\filters\CInlineFilter.php(59): PostController->filterAccessControl()
#11 C:\xampp\htdocs\YII\framework\web\filters\CFilterChain.php(130): CInlineFilter->filter()
#12 C:\xampp\htdocs\YII\framework\web\CController.php(283): CFilterChain->run()
#13 C:\xampp\htdocs\YII\framework\web\CController.php(257): PostController->runActionWithFilters()
#14 C:\xampp\htdocs\YII\framework\web\CWebApplication.php(328): PostController->run()
#15 C:\xampp\htdocs\YII\framework\web\CWebApplication.php(121): CWebApplication->runController()
#16 C:\xampp\htdocs\YII\framework\base\CApplication.php(155): CWebApplication->processRequest()
#17 C:\xampp\htdocs\BlogAPP\index.php(13): CWebApplication->run()
REQUEST_URI=/BlogAPP/index.php?r=post/view&id=1
in C:\xampp\htdocs\BlogAPP\protected\controllers\PostController.php (90)
in C:\xampp\htdocs\BlogAPP\protected\controllers\PostController.php (71)
in C:\xampp\htdocs\BlogAPP\index.php (13)
2012/11/17 18:05:08 [error] [php] Cannot modify header information - headers already sent by (output started at C:\xampp\htdocs\BlogAPP\protected\controllers\PostController.php:85) (C:\xampp\htdocs\YII\framework\web\CHttpRequest.php:657)
Stack trace:
#0 C:\xampp\htdocs\YII\framework\web\CController.php(1019): PostController->redirect()
#1 C:\xampp\htdocs\BlogAPP\protected\controllers\PostController.php(90): PostController->refresh()
#2 C:\xampp\htdocs\BlogAPP\protected\controllers\PostController.php(71): PostController->newComment()
#3 unknown(0): PostController->actionView()
#4 C:\xampp\htdocs\YII\framework\web\actions\CAction.php(104): ReflectionMethod->invokeArgs()
#5 C:\xampp\htdocs\YII\framework\web\actions\CInlineAction.php(48): CInlineAction->runWithParamsInternal()
#6 C:\xampp\htdocs\YII\framework\web\CController.php(300): CInlineAction->runWithParams()
#7 C:\xampp\htdocs\YII\framework\web\filters\CFilterChain.php(133): PostController->runAction()
#8 C:\xampp\htdocs\YII\framework\web\filters\CFilter.php(41): CFilterChain->run()
#9 C:\xampp\htdocs\YII\framework\web\CController.php(1122): CAccessControlFilter->filter()
#10 C:\xampp\htdocs\YII\framework\web\filters\CInlineFilter.php(59): PostController->filterAccessControl()
#11 C:\xampp\htdocs\YII\framework\web\filters\CFilterChain.php(130): CInlineFilter->filter()
#12 C:\xampp\htdocs\YII\framework\web\CController.php(283): CFilterChain->run()
#13 C:\xampp\htdocs\YII\framework\web\CController.php(257): PostController->runActionWithFilters()
#14 C:\xampp\htdocs\YII\framework\web\CWebApplication.php(328): PostController->run()
#15 C:\xampp\htdocs\YII\framework\web\CWebApplication.php(121): CWebApplication->runController()
#16 C:\xampp\htdocs\YII\framework\base\CApplication.php(155): CWebApplication->processRequest()
#17 C:\xampp\htdocs\BlogAPP\index.php(13): CWebApplication->run()
REQUEST_URI=/BlogAPP/index.php?r=post/view&id=1
in C:\xampp\htdocs\BlogAPP\protected\controllers\PostController.php (90)
in C:\xampp\htdocs\BlogAPP\protected\controllers\PostController.php (71)
in C:\xampp\htdocs\BlogAPP\index.php (13)
2012/11/17 18:09:16 [error] [php] Cannot modify header information - headers already sent by (output started at C:\xampp\htdocs\BlogAPP\protected\controllers\PostController.php:93) (C:\xampp\htdocs\YII\framework\web\CHttpRequest.php:657)
Stack trace:
#0 C:\xampp\htdocs\YII\framework\web\CController.php(1019): PostController->redirect()
#1 C:\xampp\htdocs\BlogAPP\protected\controllers\PostController.php(98): PostController->refresh()
#2 C:\xampp\htdocs\BlogAPP\protected\controllers\PostController.php(71): PostController->newComment()
#3 unknown(0): PostController->actionView()
#4 C:\xampp\htdocs\YII\framework\web\actions\CAction.php(104): ReflectionMethod->invokeArgs()
#5 C:\xampp\htdocs\YII\framework\web\actions\CInlineAction.php(48): CInlineAction->runWithParamsInternal()
#6 C:\xampp\htdocs\YII\framework\web\CController.php(300): CInlineAction->runWithParams()
#7 C:\xampp\htdocs\YII\framework\web\filters\CFilterChain.php(133): PostController->runAction()
#8 C:\xampp\htdocs\YII\framework\web\filters\CFilter.php(41): CFilterChain->run()
#9 C:\xampp\htdocs\YII\framework\web\CController.php(1122): CAccessControlFilter->filter()
#10 C:\xampp\htdocs\YII\framework\web\filters\CInlineFilter.php(59): PostController->filterAccessControl()
#11 C:\xampp\htdocs\YII\framework\web\filters\CFilterChain.php(130): CInlineFilter->filter()
#12 C:\xampp\htdocs\YII\framework\web\CController.php(283): CFilterChain->run()
#13 C:\xampp\htdocs\YII\framework\web\CController.php(257): PostController->runActionWithFilters()
#14 C:\xampp\htdocs\YII\framework\web\CWebApplication.php(328): PostController->run()
#15 C:\xampp\htdocs\YII\framework\web\CWebApplication.php(121): CWebApplication->runController()
#16 C:\xampp\htdocs\YII\framework\base\CApplication.php(155): CWebApplication->processRequest()
#17 C:\xampp\htdocs\BlogAPP\index.php(13): CWebApplication->run()
REQUEST_URI=/BlogAPP/index.php?r=post/view&id=1
in C:\xampp\htdocs\BlogAPP\protected\controllers\PostController.php (98)
in C:\xampp\htdocs\BlogAPP\protected\controllers\PostController.php (71)
in C:\xampp\htdocs\BlogAPP\index.php (13)
2012/11/17 18:24:14 [error] [exception.CHttpException.404] exception 'CHttpException' with message 'Unable to resolve the request "commet/index".' in C:\xampp\htdocs\YII\framework\web\CWebApplication.php:332
Stack trace:
#0 C:\xampp\htdocs\YII\framework\web\CWebApplication.php(121): CWebApplication->runController('commet/index')
#1 C:\xampp\htdocs\YII\framework\base\CApplication.php(155): CWebApplication->processRequest()
#2 C:\xampp\htdocs\BlogAPP\index.php(13): CApplication->run()
#3 {main} REQUEST_URI=/BlogAPP/index.php?r=commet/index
2012/11/17 18:26:04 [error] [exception.CException] exception 'CException' with message 'Property "Comment.authorLink" is not defined.' in C:\xampp\htdocs\YII\framework\base\CComponent.php:131
Stack trace:
#0 C:\xampp\htdocs\YII\framework\db\ar\CActiveRecord.php(128): CComponent->__get('authorLink')
#1 C:\xampp\htdocs\BlogAPP\protected\views\comment\_view.php(9): CActiveRecord->__get('authorLink')
#2 C:\xampp\htdocs\YII\framework\web\CBaseController.php(119): require('C:\xampp\htdocs...')
#3 C:\xampp\htdocs\YII\framework\web\CBaseController.php(88): CBaseController->renderInternal('C:\xampp\htdocs...', Array, true)
#4 C:\xampp\htdocs\YII\framework\web\CController.php(866): CBaseController->renderFile('C:\xampp\htdocs...', Array, true)
#5 C:\xampp\htdocs\YII\framework\zii\widgets\CListView.php(234): CController->renderPartial('_view', Array)
#6 C:\xampp\htdocs\YII\framework\zii\widgets\CBaseListView.php(158): CListView->renderItems()
#7 [internal function]: CBaseListView->renderSection(Array)
#8 C:\xampp\htdocs\YII\framework\zii\widgets\CBaseListView.php(141): preg_replace_callback('/{(\w+)}/', Array, '{summary}?{sort...')
#9 C:\xampp\htdocs\YII\framework\zii\widgets\CBaseListView.php(126): CBaseListView->renderContent()
#10 C:\xampp\htdocs\YII\framework\web\CBaseController.php(166): CBaseListView->run()
#11 C:\xampp\htdocs\BlogAPP\protected\views\comment\index.php(17): CBaseController->widget('zii.widgets.CLi...', Array)
#12 C:\xampp\htdocs\YII\framework\web\CBaseController.php(119): require('C:\xampp\htdocs...')
#13 C:\xampp\htdocs\YII\framework\web\CBaseController.php(88): CBaseController->renderInternal('C:\xampp\htdocs...', Array, true)
#14 C:\xampp\htdocs\YII\framework\web\CController.php(866): CBaseController->renderFile('C:\xampp\htdocs...', Array, true)
#15 C:\xampp\htdocs\YII\framework\web\CController.php(779): CController->renderPartial('index', Array, true)
#16 C:\xampp\htdocs\BlogAPP\protected\controllers\CommentController.php(146): CController->render('index', Array)
#17 C:\xampp\htdocs\YII\framework\web\actions\CInlineAction.php(50): CommentController->actionIndex()
#18 C:\xampp\htdocs\YII\framework\web\CController.php(300): CInlineAction->runWithParams(Array)
#19 C:\xampp\htdocs\YII\framework\web\filters\CFilterChain.php(133): CController->runAction(Object(CInlineAction))
#20 C:\xampp\htdocs\YII\framework\web\filters\CFilter.php(41): CFilterChain->run()
#21 C:\xampp\htdocs\YII\framework\web\CController.php(1122): CFilter->filter(Object(CFilterChain))
#22 C:\xampp\htdocs\YII\framework\web\filters\CInlineFilter.php(59): CController->filterAccessControl(Object(CFilterChain))
#23 C:\xampp\htdocs\YII\framework\web\filters\CFilterChain.php(130): CInlineFilter->filter(Object(CFilterChain))
#24 C:\xampp\htdocs\YII\framework\web\CController.php(283): CFilterChain->run()
#25 C:\xampp\htdocs\YII\framework\web\CController.php(257): CController->runActionWithFilters(Object(CInlineAction), Array)
#26 C:\xampp\htdocs\YII\framework\web\CWebApplication.php(328): CController->run('index')
#27 C:\xampp\htdocs\YII\framework\web\CWebApplication.php(121): CWebApplication->runController('comment/index')
#28 C:\xampp\htdocs\YII\framework\base\CApplication.php(155): CWebApplication->processRequest()
#29 C:\xampp\htdocs\BlogAPP\index.php(13): CApplication->run()
#30 {main} REQUEST_URI=/BlogAPP/index.php?r=comment/index
2012/11/17 18:29:51 [error] [exception.CHttpException.403] exception 'CHttpException' with message 'You are not authorized to perform this action.' in C:\xampp\htdocs\YII\framework\web\auth\CAccessControlFilter.php:157
Stack trace:
#0 C:\xampp\htdocs\YII\framework\web\auth\CAccessControlFilter.php(119): CAccessControlFilter->accessDenied(Object(CWebUser), 'You are not aut...')
#1 C:\xampp\htdocs\YII\framework\web\filters\CFilter.php(39): CAccessControlFilter->preFilter(Object(CFilterChain))
#2 C:\xampp\htdocs\YII\framework\web\CController.php(1122): CFilter->filter(Object(CFilterChain))
#3 C:\xampp\htdocs\YII\framework\web\filters\CInlineFilter.php(59): CController->filterAccessControl(Object(CFilterChain))
#4 C:\xampp\htdocs\YII\framework\web\filters\CFilterChain.php(130): CInlineFilter->filter(Object(CFilterChain))
#5 C:\xampp\htdocs\YII\framework\web\CController.php(283): CFilterChain->run()
#6 C:\xampp\htdocs\YII\framework\web\CController.php(257): CController->runActionWithFilters(Object(CInlineAction), Array)
#7 C:\xampp\htdocs\YII\framework\web\CWebApplication.php(328): CController->run('admin')
#8 C:\xampp\htdocs\YII\framework\web\CWebApplication.php(121): CWebApplication->runController('comment/admin')
#9 C:\xampp\htdocs\YII\framework\base\CApplication.php(155): CWebApplication->processRequest()
#10 C:\xampp\htdocs\BlogAPP\index.php(13): CApplication->run()
#11 {main} REQUEST_URI=/BlogAPP/index.php?r=comment/admin
2012/11/17 18:46:33 [error] [exception.CException] exception 'CException' with message 'Property "Comment.pendingCommentCount" is not defined.' in C:\xampp\htdocs\YII\framework\base\CComponent.php:131
Stack trace:
#0 C:\xampp\htdocs\YII\framework\db\ar\CActiveRecord.php(128): CComponent->__get('pendingCommentC...')
#1 C:\xampp\htdocs\BlogAPP\protected\components\views\userMenu.php(5): CActiveRecord->__get('pendingCommentC...')
#2 C:\xampp\htdocs\YII\framework\web\CBaseController.php(123): require('C:\xampp\htdocs...')
#3 C:\xampp\htdocs\YII\framework\web\CBaseController.php(88): CBaseController->renderInternal('C:\xampp\htdocs...', NULL, false)
#4 C:\xampp\htdocs\YII\framework\web\widgets\CWidget.php(240): CBaseController->renderFile('C:\xampp\htdocs...', NULL, false)
#5 C:\xampp\htdocs\BlogAPP\protected\components\UserMenu.php(16): CWidget->render('userMenu')
#6 C:\xampp\htdocs\YII\framework\zii\widgets\CPortlet.php(95): UserMenu->renderContent()
#7 C:\xampp\htdocs\YII\framework\web\CBaseController.php(166): CPortlet->run()
#8 C:\xampp\htdocs\BlogAPP\protected\views\layouts\column2.php(10): CBaseController->widget('UserMenu')
#9 C:\xampp\htdocs\YII\framework\web\CBaseController.php(119): require('C:\xampp\htdocs...')
#10 C:\xampp\htdocs\YII\framework\web\CBaseController.php(88): CBaseController->renderInternal('C:\xampp\htdocs...', Array, true)
#11 C:\xampp\htdocs\YII\framework\web\CController.php(781): CBaseController->renderFile('C:\xampp\htdocs...', Array, true)
#12 C:\xampp\htdocs\BlogAPP\protected\controllers\PostController.php(200): CController->render('index', Array)
#13 C:\xampp\htdocs\YII\framework\web\actions\CInlineAction.php(50): PostController->actionIndex()
#14 C:\xampp\htdocs\YII\framework\web\CController.php(300): CInlineAction->runWithParams(Array)
#15 C:\xampp\htdocs\YII\framework\web\filters\CFilterChain.php(133): CController->runAction(Object(CInlineAction))
#16 C:\xampp\htdocs\YII\framework\web\filters\CFilter.php(41): CFilterChain->run()
#17 C:\xampp\htdocs\YII\framework\web\CController.php(1122): CFilter->filter(Object(CFilterChain))
#18 C:\xampp\htdocs\YII\framework\web\filters\CInlineFilter.php(59): CController->filterAccessControl(Object(CFilterChain))
#19 C:\xampp\htdocs\YII\framework\web\filters\CFilterChain.php(130): CInlineFilter->filter(Object(CFilterChain))
#20 C:\xampp\htdocs\YII\framework\web\CController.php(283): CFilterChain->run()
#21 C:\xampp\htdocs\YII\framework\web\CController.php(257): CController->runActionWithFilters(Object(CInlineAction), Array)
#22 C:\xampp\htdocs\YII\framework\web\CWebApplication.php(328): CController->run('index')
#23 C:\xampp\htdocs\YII\framework\web\CWebApplication.php(121): CWebApplication->runController('post/index')
#24 C:\xampp\htdocs\YII\framework\base\CApplication.php(155): CWebApplication->processRequest()
#25 C:\xampp\htdocs\BlogAPP\index.php(13): CApplication->run()
#26 {main} REQUEST_URI=/BlogAPP/index.php?r=post/index
2012/11/19 06:21:02 [error] [system.db.CDbCommand] Error in preparing SQL: DELETE FROM YiiCache WHERE expire>0 AND expire<1353302462
in C:\xampp\htdocs\BlogAPP\index.php (13)
2012/11/19 06:21:02 [error] [system.db.CDbCommand] CDbCommand::execute() failed: CDbCommand failed to prepare the SQL statement: SQLSTATE[HY000]: General error: 1 no such table: YiiCache. The SQL statement executed was: DELETE FROM YiiCache WHERE expire>0 AND expire<1353302462.
in C:\xampp\htdocs\BlogAPP\index.php (13)
2012/11/19 06:43:35 [error] [exception.CDbException] exception 'CDbException' with message 'CDbConnection failed to open the DB connection: SQLSTATE[HY000] [2002] No se puede establecer una conexión ya que el equipo de destino denegó expresamente dicha conexión.
' in C:\xampp\htdocs\YII\framework\db\CDbConnection.php:348
Stack trace:
#0 C:\xampp\htdocs\YII\framework\db\CDbConnection.php(297): CDbConnection->open()
#1 C:\xampp\htdocs\YII\framework\db\CDbConnection.php(275): CDbConnection->setActive(true)
#2 C:\xampp\htdocs\YII\framework\base\CModule.php(372): CDbConnection->init()
#3 C:\xampp\htdocs\YII\framework\base\CApplication.php(426): CModule->getComponent('db')
#4 C:\xampp\htdocs\YII\framework\db\ar\CActiveRecord.php(607): CApplication->getDb()
#5 C:\xampp\htdocs\YII\framework\db\ar\CActiveRecord.php(2236): CActiveRecord->getDbConnection()
#6 C:\xampp\htdocs\YII\framework\db\ar\CActiveRecord.php(371): CActiveRecordMetaData->__construct(Object(Post))
#7 C:\xampp\htdocs\YII\framework\web\CActiveDataProvider.php(72): CActiveRecord::model('Post')
#8 C:\xampp\htdocs\BlogAPP\protected\controllers\PostController.php(196): CActiveDataProvider->__construct('Post', Array)
#9 C:\xampp\htdocs\YII\framework\web\actions\CInlineAction.php(50): PostController->actionIndex()
#10 C:\xampp\htdocs\YII\framework\web\CController.php(300): CInlineAction->runWithParams(Array)
#11 C:\xampp\htdocs\YII\framework\web\filters\CFilterChain.php(133): CController->runAction(Object(CInlineAction))
#12 C:\xampp\htdocs\YII\framework\web\filters\CFilter.php(41): CFilterChain->run()
#13 C:\xampp\htdocs\YII\framework\web\CController.php(1122): CFilter->filter(Object(CFilterChain))
#14 C:\xampp\htdocs\YII\framework\web\filters\CInlineFilter.php(59): CController->filterAccessControl(Object(CFilterChain))
#15 C:\xampp\htdocs\YII\framework\web\filters\CFilterChain.php(130): CInlineFilter->filter(Object(CFilterChain))
#16 C:\xampp\htdocs\YII\framework\web\CController.php(283): CFilterChain->run()
#17 C:\xampp\htdocs\YII\framework\web\CController.php(257): CController->runActionWithFilters(Object(CInlineAction), Array)
#18 C:\xampp\htdocs\YII\framework\web\CWebApplication.php(328): CController->run('index')
#19 C:\xampp\htdocs\YII\framework\web\CWebApplication.php(121): CWebApplication->runController('post/index')
#20 C:\xampp\htdocs\YII\framework\base\CApplication.php(155): CWebApplication->processRequest()
#21 C:\xampp\htdocs\BlogAPP\index.php(13): CApplication->run()
#22 {main} REQUEST_URI=/BlogAPP/post/index.html
